This is pdfTeX, Version 3.141592653-2.6-1.40.24 (MiKTeX 21.12) (preloaded format=pdflatex 2022.2.15)  21 FEB 2022 11:34
entering extended mode
 restricted \write18 enabled.
 file:line:error style messages enabled.
 %&-line parsing enabled.
**"c:/Users/Ahmad Aziz/Data/Kuliah/PMC/latex/main.tex"
(c:/Users/Ahmad Aziz/Data/Kuliah/PMC/latex/main.tex
LaTeX2e <2021-11-15> patch level 1
L3 programming layer <2021-11-22> (C:\Program Files\MiKTeX\tex/latex/ieeetran\IEEEtran.cls
Document Class: IEEEtran 2015/08/26 V1.8b by Michael Shell
-- See the "IEEEtran_HOWTO" manual for usage information.
-- http://www.michaelshell.org/tex/ieeetran/
\@IEEEtrantmpdimenA=\dimen138
\@IEEEtrantmpdimenB=\dimen139
\@IEEEtrantmpdimenC=\dimen140
\@IEEEtrantmpcountA=\count183
\@IEEEtrantmpcountB=\count184
\@IEEEtrantmpcountC=\count185
\@IEEEtrantmptoksA=\toks16
LaTeX Font Info:    Trying to load font information for OT1+ptm on input line 503.
(C:\Program Files\MiKTeX\tex/latex/psnfss\ot1ptm.fd
File: ot1ptm.fd 2001/06/04 font definitions for OT1/ptm.
)
-- Using 8.5in x 11in (letter) paper.
-- Using PDF output.
\@IEEEnormalsizeunitybaselineskip=\dimen141
-- This is a 10 point document.
\CLASSINFOnormalsizebaselineskip=\dimen142
\CLASSINFOnormalsizeunitybaselineskip=\dimen143
\IEEEnormaljot=\dimen144
LaTeX Font Info:    Font shape `OT1/ptm/bx/n' in size <5> not available
(Font)              Font shape `OT1/ptm/b/n' tried instead on input line 1090.
LaTeX Font Info:    Font shape `OT1/ptm/bx/it' in size <5> not available
(Font)              Font shape `OT1/ptm/b/it' tried instead on input line 1090.
LaTeX Font Info:    Font shape `OT1/ptm/bx/n' in size <7> not available
(Font)              Font shape `OT1/ptm/b/n' tried instead on input line 1090.
LaTeX Font Info:    Font shape `OT1/ptm/bx/it' in size <7> not available
(Font)              Font shape `OT1/ptm/b/it' tried instead on input line 1090.
LaTeX Font Info:    Font shape `OT1/ptm/bx/n' in size <8> not available
(Font)              Font shape `OT1/ptm/b/n' tried instead on input line 1090.
LaTeX Font Info:    Font shape `OT1/ptm/bx/it' in size <8> not available
(Font)              Font shape `OT1/ptm/b/it' tried instead on input line 1090.
LaTeX Font Info:    Font shape `OT1/ptm/bx/n' in size <9> not available
(Font)              Font shape `OT1/ptm/b/n' tried instead on input line 1090.
LaTeX Font Info:    Font shape `OT1/ptm/bx/it' in size <9> not available
(Font)              Font shape `OT1/ptm/b/it' tried instead on input line 1090.
LaTeX Font Info:    Font shape `OT1/ptm/bx/n' in size <10> not available
(Font)              Font shape `OT1/ptm/b/n' tried instead on input line 1090.
LaTeX Font Info:    Font shape `OT1/ptm/bx/it' in size <10> not available
(Font)              Font shape `OT1/ptm/b/it' tried instead on input line 1090.
LaTeX Font Info:    Font shape `OT1/ptm/bx/n' in size <11> not available
(Font)              Font shape `OT1/ptm/b/n' tried instead on input line 1090.
LaTeX Font Info:    Font shape `OT1/ptm/bx/it' in size <11> not available
(Font)              Font shape `OT1/ptm/b/it' tried instead on input line 1090.
LaTeX Font Info:    Font shape `OT1/ptm/bx/n' in size <12> not available
(Font)              Font shape `OT1/ptm/b/n' tried instead on input line 1090.
LaTeX Font Info:    Font shape `OT1/ptm/bx/it' in size <12> not available
(Font)              Font shape `OT1/ptm/b/it' tried instead on input line 1090.
LaTeX Font Info:    Font shape `OT1/ptm/bx/n' in size <17> not available
(Font)              Font shape `OT1/ptm/b/n' tried instead on input line 1090.
LaTeX Font Info:    Font shape `OT1/ptm/bx/it' in size <17> not available
(Font)              Font shape `OT1/ptm/b/it' tried instead on input line 1090.
LaTeX Font Info:    Font shape `OT1/ptm/bx/n' in size <20> not available
(Font)              Font shape `OT1/ptm/b/n' tried instead on input line 1090.
LaTeX Font Info:    Font shape `OT1/ptm/bx/it' in size <20> not available
(Font)              Font shape `OT1/ptm/b/it' tried instead on input line 1090.
LaTeX Font Info:    Font shape `OT1/ptm/bx/n' in size <24> not available
(Font)              Font shape `OT1/ptm/b/n' tried instead on input line 1090.
LaTeX Font Info:    Font shape `OT1/ptm/bx/it' in size <24> not available
(Font)              Font shape `OT1/ptm/b/it' tried instead on input line 1090.
\IEEEquantizedlength=\dimen145
\IEEEquantizedlengthdiff=\dimen146
\IEEEquantizedtextheightdiff=\dimen147
\IEEEilabelindentA=\dimen148
\IEEEilabelindentB=\dimen149
\IEEEilabelindent=\dimen150
\IEEEelabelindent=\dimen151
\IEEEdlabelindent=\dimen152
\IEEElabelindent=\dimen153
\IEEEiednormlabelsep=\dimen154
\IEEEiedmathlabelsep=\dimen155
\IEEEiedtopsep=\skip47
\c@section=\count186
\c@subsection=\count187
\c@subsubsection=\count188
\c@paragraph=\count189
\c@IEEEsubequation=\count190
\abovecaptionskip=\skip48
\belowcaptionskip=\skip49
\c@figure=\count191
\c@table=\count192
\@IEEEeqnnumcols=\count193
\@IEEEeqncolcnt=\count194
\@IEEEsubeqnnumrollback=\count195
\@IEEEquantizeheightA=\dimen156
\@IEEEquantizeheightB=\dimen157
\@IEEEquantizeheightC=\dimen158
\@IEEEquantizeprevdepth=\dimen159
\@IEEEquantizemultiple=\count196
\@IEEEquantizeboxA=\box50
\@IEEEtmpitemindent=\dimen160
\IEEEPARstartletwidth=\dimen161
\c@IEEEbiography=\count197
\@IEEEtranrubishbin=\box51
)
** ATTENTION: Overriding command lockouts (line 2).
(C:\Program Files\MiKTeX\tex/latex/cite\cite.sty
LaTeX Info: Redefining \cite on input line 302.
LaTeX Info: Redefining \nocite on input line 332.
Package: cite 2015/02/27  v 5.5
) (C:\Program Files\MiKTeX\tex/latex/hyperref\hyperref.sty
Package: hyperref 2021-06-07 v7.00m Hypertext links for LaTeX
 (C:\Program Files\MiKTeX\tex/generic/ltxcmds\ltxcmds.sty
Package: ltxcmds 2020-05-10 v1.25 LaTeX kernel commands for general use (HO)
) (C:\Program Files\MiKTeX\tex/generic/iftex\iftex.sty
Package: iftex 2020/03/06 v1.0d TeX engine tests
) (C:\Program Files\MiKTeX\tex/generic/pdftexcmds\pdftexcmds.sty
Package: pdftexcmds 2020-06-27 v0.33 Utility functions of pdfTeX for LuaTeX (HO)
 (C:\Program Files\MiKTeX\tex/generic/infwarerr\infwarerr.sty
Package: infwarerr 2019/12/03 v1.5 Providing info/warning/error messages (HO)
)
Package pdftexcmds Info: \pdf@primitive is available.
Package pdftexcmds Info: \pdf@ifprimitive is available.
Package pdftexcmds Info: \pdfdraftmode found.
) (C:\Program Files\MiKTeX\tex/latex/graphics\keyval.sty
Package: keyval 2014/10/28 v1.15 key=value parser (DPC)
\KV@toks@=\toks17
) (C:\Program Files\MiKTeX\tex/generic/kvsetkeys\kvsetkeys.sty
Package: kvsetkeys 2019/12/15 v1.18 Key value parser (HO)
) (C:\Program Files\MiKTeX\tex/generic/kvdefinekeys\kvdefinekeys.sty
Package: kvdefinekeys 2019-12-19 v1.6 Define keys (HO)
) (C:\Program Files\MiKTeX\tex/generic/pdfescape\pdfescape.sty
Package: pdfescape 2019/12/09 v1.15 Implements pdfTeX's escape features (HO)
) (C:\Program Files\MiKTeX\tex/latex/hycolor\hycolor.sty
Package: hycolor 2020-01-27 v1.10 Color options for hyperref/bookmark (HO)
) (C:\Program Files\MiKTeX\tex/latex/letltxmacro\letltxmacro.sty
Package: letltxmacro 2019/12/03 v1.6 Let assignment for LaTeX macros (HO)
) (C:\Program Files\MiKTeX\tex/latex/auxhook\auxhook.sty
Package: auxhook 2019-12-17 v1.6 Hooks for auxiliary files (HO)
) (C:\Program Files\MiKTeX\tex/latex/kvoptions\kvoptions.sty
Package: kvoptions 2020-10-07 v3.14 Key value format for package options (HO)
)
\@linkdim=\dimen162
\Hy@linkcounter=\count198
\Hy@pagecounter=\count199
 (C:\Program Files\MiKTeX\tex/latex/hyperref\pd1enc.def
File: pd1enc.def 2021-06-07 v7.00m Hyperref: PDFDocEncoding definition (HO)
Now handling font encoding PD1 ...
... no UTF-8 mapping file for font encoding PD1
) (C:\Program Files\MiKTeX\tex/latex/hyperref\hyperref-langpatches.def
File: hyperref-langpatches.def 2021-06-07 v7.00m Hyperref: patches for babel languages
) (C:\Program Files\MiKTeX\tex/generic/intcalc\intcalc.sty
Package: intcalc 2019/12/15 v1.3 Expandable calculations with integers (HO)
) (C:\Program Files\MiKTeX\tex/generic/etexcmds\etexcmds.sty
Package: etexcmds 2019/12/15 v1.7 Avoid name clashes with e-TeX commands (HO)
)
\Hy@SavedSpaceFactor=\count266
 (C:\Program Files\MiKTeX\tex/latex/hyperref\puenc.def
File: puenc.def 2021-06-07 v7.00m Hyperref: PDF Unicode definition (HO)
Now handling font encoding PU ...
... no UTF-8 mapping file for font encoding PU
)
Package hyperref Info: Hyper figures OFF on input line 4192.
Package hyperref Info: Link nesting OFF on input line 4197.
Package hyperref Info: Hyper index ON on input line 4200.
Package hyperref Info: Plain pages OFF on input line 4207.
Package hyperref Info: Backreferencing OFF on input line 4212.
Package hyperref Info: Implicit mode ON; LaTeX internals redefined.
Package hyperref Info: Bookmarks ON on input line 4445.
\c@Hy@tempcnt=\count267
 (C:\Program Files\MiKTeX\tex/latex/url\url.sty
\Urlmuskip=\muskip16
Package: url 2013/09/16  ver 3.4  Verb mode for urls, etc.
)
LaTeX Info: Redefining \url on input line 4804.
\XeTeXLinkMargin=\dimen163
 (C:\Program Files\MiKTeX\tex/generic/bitset\bitset.sty
Package: bitset 2019/12/09 v1.3 Handle bit-vector datatype (HO)
 (C:\Program Files\MiKTeX\tex/generic/bigintcalc\bigintcalc.sty
Package: bigintcalc 2019/12/15 v1.5 Expandable calculations on big integers (HO)
))
\Fld@menulength=\count268
\Field@Width=\dimen164
\Fld@charsize=\dimen165
Package hyperref Info: Hyper figures OFF on input line 6076.
Package hyperref Info: Link nesting OFF on input line 6081.
Package hyperref Info: Hyper index ON on input line 6084.
Package hyperref Info: backreferencing OFF on input line 6091.
Package hyperref Info: Link coloring OFF on input line 6096.
Package hyperref Info: Link coloring with OCG OFF on input line 6101.
Package hyperref Info: PDF/A mode OFF on input line 6106.
LaTeX Info: Redefining \ref on input line 6146.
LaTeX Info: Redefining \pageref on input line 6150.
 (C:\Program Files\MiKTeX\tex/latex/base\atbegshi-ltx.sty
Package: atbegshi-ltx 2021/01/10 v1.0c Emulation of the original atbegshi
package with kernel methods
)
\Hy@abspage=\count269
\c@Item=\count270
\c@Hfootnote=\count271
)
Package hyperref Info: Driver (autodetected): hpdftex.
 (C:\Program Files\MiKTeX\tex/latex/hyperref\hpdftex.def
File: hpdftex.def 2021-06-07 v7.00m Hyperref driver for pdfTeX
 (C:\Program Files\MiKTeX\tex/latex/base\atveryend-ltx.sty
Package: atveryend-ltx 2020/08/19 v1.0a Emulation of the original atveryend package
with kernel methods
)
\Fld@listcount=\count272
\c@bookmark@seq@number=\count273
 (C:\Program Files\MiKTeX\tex/latex/rerunfilecheck\rerunfilecheck.sty
Package: rerunfilecheck 2019/12/05 v1.9 Rerun checks for auxiliary files (HO)
 (C:\Program Files\MiKTeX\tex/generic/uniquecounter\uniquecounter.sty
Package: uniquecounter 2019/12/15 v1.4 Provide unlimited unique counter (HO)
)
Package uniquecounter Info: New unique counter `rerunfilecheck' on input line 286.
)
\Hy@SectionHShift=\skip50
) (C:\Program Files\MiKTeX\tex/latex/amsmath\amsmath.sty
Package: amsmath 2021/10/15 v2.17l AMS math features
\@mathmargin=\skip51

For additional information on amsmath, use the `?' option.
(C:\Program Files\MiKTeX\tex/latex/amsmath\amstext.sty
Package: amstext 2021/08/26 v2.01 AMS text
 (C:\Program Files\MiKTeX\tex/latex/amsmath\amsgen.sty
File: amsgen.sty 1999/11/30 v2.0 generic functions
\@emptytoks=\toks18
\ex@=\dimen166
)) (C:\Program Files\MiKTeX\tex/latex/amsmath\amsbsy.sty
Package: amsbsy 1999/11/29 v1.2d Bold Symbols
\pmbraise@=\dimen167
) (C:\Program Files\MiKTeX\tex/latex/amsmath\amsopn.sty
Package: amsopn 2021/08/26 v2.02 operator names
)
\inf@bad=\count274
LaTeX Info: Redefining \frac on input line 234.
\uproot@=\count275
\leftroot@=\count276
LaTeX Info: Redefining \overline on input line 399.
\classnum@=\count277
\DOTSCASE@=\count278
LaTeX Info: Redefining \ldots on input line 496.
LaTeX Info: Redefining \dots on input line 499.
LaTeX Info: Redefining \cdots on input line 620.
\Mathstrutbox@=\box52
\strutbox@=\box53
\big@size=\dimen168
LaTeX Font Info:    Redeclaring font encoding OML on input line 743.
LaTeX Font Info:    Redeclaring font encoding OMS on input line 744.
\macc@depth=\count279
\c@MaxMatrixCols=\count280
\dotsspace@=\muskip17
\c@parentequation=\count281
\dspbrk@lvl=\count282
\tag@help=\toks19
\row@=\count283
\column@=\count284
\maxfields@=\count285
\andhelp@=\toks20
\eqnshift@=\dimen169
\alignsep@=\dimen170
\tagshift@=\dimen171
\tagwidth@=\dimen172
\totwidth@=\dimen173
\lineht@=\dimen174
\@envbody=\toks21
\multlinegap=\skip52
\multlinetaggap=\skip53
\mathdisplay@stack=\toks22
LaTeX Info: Redefining \[ on input line 2938.
LaTeX Info: Redefining \] on input line 2939.
) (C:\Program Files\MiKTeX\tex/latex/amsfonts\amssymb.sty
Package: amssymb 2013/01/14 v3.01 AMS font symbols
 (C:\Program Files\MiKTeX\tex/latex/amsfonts\amsfonts.sty
Package: amsfonts 2013/01/14 v3.01 Basic AMSFonts support
\symAMSa=\mathgroup4
\symAMSb=\mathgroup5
LaTeX Font Info:    Redeclaring math symbol \hbar on input line 98.
LaTeX Font Info:    Overwriting math alphabet `\mathfrak' in version `bold'
(Font)                  U/euf/m/n --> U/euf/b/n on input line 106.
)) (C:\Program Files\MiKTeX\tex/latex/algorithmicx\algorithmicx.sty
Package: algorithmicx 2005/04/27 v1.2 Algorithmicx
 (C:\Program Files\MiKTeX\tex/latex/base\ifthen.sty
Package: ifthen 2020/11/24 v1.1c Standard LaTeX ifthen package (DPC)
)
Document Style algorithmicx 1.2 - a greatly improved `algorithmic' style
\c@ALG@line=\count286
\c@ALG@rem=\count287
\c@ALG@nested=\count288
\ALG@tlm=\skip54
\ALG@thistlm=\skip55
\c@ALG@Lnr=\count289
\c@ALG@blocknr=\count290
\c@ALG@storecount=\count291
\c@ALG@tmpcounter=\count292
\ALG@tmplength=\skip56
) (C:\Program Files\MiKTeX\tex/latex/graphics\graphicx.sty
Package: graphicx 2021/09/16 v1.2d Enhanced LaTeX Graphics (DPC,SPQR)
 (C:\Program Files\MiKTeX\tex/latex/graphics\graphics.sty
Package: graphics 2021/03/04 v1.4d Standard LaTeX Graphics (DPC,SPQR)
 (C:\Program Files\MiKTeX\tex/latex/graphics\trig.sty
Package: trig 2021/08/11 v1.11 sin cos tan (DPC)
) (C:\Program Files\MiKTeX\tex/latex/graphics-cfg\graphics.cfg
File: graphics.cfg 2016/06/04 v1.11 sample graphics configuration
)
Package graphics Info: Driver file: pdftex.def on input line 107.
 (C:\Program Files\MiKTeX\tex/latex/graphics-def\pdftex.def
File: pdftex.def 2020/10/05 v1.2a Graphics/color driver for pdftex
))
\Gin@req@height=\dimen175
\Gin@req@width=\dimen176
) (C:\Program Files\MiKTeX\tex/latex/base\textcomp.sty
Package: textcomp 2020/02/02 v2.0n Standard LaTeX package
) (C:\Program Files\MiKTeX\tex/latex/xcolor\xcolor.sty
Package: xcolor 2021/10/31 v2.13 LaTeX color extensions (UK)
 (C:\Program Files\MiKTeX\tex/latex/graphics-cfg\color.cfg
File: color.cfg 2016/01/02 v1.6 sample color configuration
)
Package xcolor Info: Driver file: pdftex.def on input line 227.
Package xcolor Info: Model `cmy' substituted by `cmy0' on input line 1352.
Package xcolor Info: Model `hsb' substituted by `rgb' on input line 1356.
Package xcolor Info: Model `RGB' extended on input line 1368.
Package xcolor Info: Model `HTML' substituted by `rgb' on input line 1370.
Package xcolor Info: Model `Hsb' substituted by `hsb' on input line 1371.
Package xcolor Info: Model `tHsb' substituted by `hsb' on input line 1372.
Package xcolor Info: Model `HSB' substituted by `hsb' on input line 1373.
Package xcolor Info: Model `Gray' substituted by `gray' on input line 1374.
Package xcolor Info: Model `wave' substituted by `hsb' on input line 1375.
) (C:\Program Files\MiKTeX\tex/latex/algorithms\algorithm.sty
Package: algorithm 2009/08/24 v0.1 Document Style `algorithm' - floating environment
 (C:\Program Files\MiKTeX\tex/latex/float\float.sty
Package: float 2001/11/08 v1.3d Float enhancements (AL)
\c@float@type=\count293
\float@exts=\toks23
\float@box=\box54
\@float@everytoks=\toks24
\@floatcapt=\box55
)
\@float@every@algorithm=\toks25
\c@algorithm=\count294
) (C:\Program Files\MiKTeX\tex/latex/algorithmicx\algpseudocode.sty
Package: algpseudocode 

Document Style - pseudocode environments for use with the `algorithmicx' style
) (C:\Program Files\MiKTeX\tex/latex/l3backend\l3backend-pdftex.def
File: l3backend-pdftex.def 2021-10-18 L3 backend support: PDF output (pdfTeX)
\l__color_backend_stack_int=\count295
\l__pdf_internal_box=\box56
) (main.aux)
\openout1 = `main.aux'.

LaTeX Font Info:    Checking defaults for OML/cmm/m/it on input line 17.
LaTeX Font Info:    ... okay on input line 17.
LaTeX Font Info:    Checking defaults for OMS/cmsy/m/n on input line 17.
LaTeX Font Info:    ... okay on input line 17.
LaTeX Font Info:    Checking defaults for OT1/cmr/m/n on input line 17.
LaTeX Font Info:    ... okay on input line 17.
LaTeX Font Info:    Checking defaults for T1/cmr/m/n on input line 17.
LaTeX Font Info:    ... okay on input line 17.
LaTeX Font Info:    Checking defaults for TS1/cmr/m/n on input line 17.
LaTeX Font Info:    ... okay on input line 17.
LaTeX Font Info:    Checking defaults for OMX/cmex/m/n on input line 17.
LaTeX Font Info:    ... okay on input line 17.
LaTeX Font Info:    Checking defaults for U/cmr/m/n on input line 17.
LaTeX Font Info:    ... okay on input line 17.
LaTeX Font Info:    Checking defaults for PD1/pdf/m/n on input line 17.
LaTeX Font Info:    ... okay on input line 17.
LaTeX Font Info:    Checking defaults for PU/pdf/m/n on input line 17.
LaTeX Font Info:    ... okay on input line 17.

-- Lines per column: 56 (exact).
Package hyperref Info: Link coloring OFF on input line 17.
(C:\Program Files\MiKTeX\tex/latex/hyperref\nameref.sty
Package: nameref 2021-04-02 v2.47 Cross-referencing by name of section
 (C:\Program Files\MiKTeX\tex/latex/refcount\refcount.sty
Package: refcount 2019/12/15 v3.6 Data extraction from label references (HO)
) (C:\Program Files\MiKTeX\tex/generic/gettitlestring\gettitlestring.sty
Package: gettitlestring 2019/12/15 v1.6 Cleanup title references (HO)
)
\c@section@level=\count296
)
LaTeX Info: Redefining \ref on input line 17.
LaTeX Info: Redefining \pageref on input line 17.
LaTeX Info: Redefining \nameref on input line 17.
 (main.out) (main.out)
\@outlinefile=\write3
\openout3 = `main.out'.

 (C:\Program Files\MiKTeX\tex/context/base/mkii\supp-pdf.mkii
[Loading MPS to PDF converter (version 2006.09.02).]
\scratchcounter=\count297
\scratchdimen=\dimen177
\scratchbox=\box57
\nofMPsegments=\count298
\nofMParguments=\count299
\everyMPshowfont=\toks26
\MPscratchCnt=\count300
\MPscratchDim=\dimen178
\MPnumerator=\count301
\makeMPintoPDFobject=\count302
\everyMPtoPDFconversion=\toks27
) (C:\Program Files\MiKTeX\tex/latex/epstopdf-pkg\epstopdf-base.sty
Package: epstopdf-base 2020-01-24 v2.11 Base part for package epstopdf
Package epstopdf-base Info: Redefining graphics rule for `.eps' on input line 485.
 (C:\Program Files\MiKTeX\tex/latex/00miktex\epstopdf-sys.cfg
File: epstopdf-sys.cfg 2021/03/18 v2.0 Configuration of epstopdf for MiKTeX
))
Package hyperref Info: bookmark level for unknown algorithm defaults to 0 on input line 57.
LaTeX Font Info:    Trying to load font information for OMS+ptm on input line 60.
 (C:\Program Files\MiKTeX\tex/latex/psnfss\omsptm.fd
File: omsptm.fd 
)
LaTeX Font Info:    Font shape `OMS/ptm/m/n' in size <10> not available
(Font)              Font shape `OMS/cmsy/m/n' tried instead on input line 60.
LaTeX Font Info:    Trying to load font information for U+msa on input line 60.
 (C:\Program Files\MiKTeX\tex/latex/amsfonts\umsa.fd
File: umsa.fd 2013/01/14 v3.01 AMS symbols A
)
LaTeX Font Info:    Trying to load font information for U+msb on input line 60.
 (C:\Program Files\MiKTeX\tex/latex/amsfonts\umsb.fd
File: umsb.fd 2013/01/14 v3.01 AMS symbols B
) (gambar/DFD_Level_2.pdf_tex
<./gambar//DFD_Level_2.pdf, id=55, page=1, 520.94624pt x 188.20313pt>
File: ./gambar//DFD_Level_2.pdf Graphic file (type pdf)
<use ./gambar//DFD_Level_2.pdf, page 1>
Package pdftex.def Info: ./gambar//DFD_Level_2.pdf , page1 used on input line 56.
(pdftex.def)             Requested size: 520.94624pt x 188.20552pt.
<./gambar//DFD_Level_2.pdf, id=56, page=2, 520.94624pt x 188.20313pt>
File: ./gambar//DFD_Level_2.pdf Graphic file (type pdf)
<use ./gambar//DFD_Level_2.pdf, page 2>
Package pdftex.def Info: ./gambar//DFD_Level_2.pdf , page2 used on input line 58.
(pdftex.def)             Requested size: 520.94624pt x 188.20552pt.
<./gambar//DFD_Level_2.pdf, id=57, page=3, 520.94624pt x 188.20313pt>
File: ./gambar//DFD_Level_2.pdf Graphic file (type pdf)
<use ./gambar//DFD_Level_2.pdf, page 3>
Package pdftex.def Info: ./gambar//DFD_Level_2.pdf , page3 used on input line 60.
(pdftex.def)             Requested size: 520.94624pt x 188.20552pt.
<./gambar//DFD_Level_2.pdf, id=58, page=4, 520.94624pt x 188.20313pt>
File: ./gambar//DFD_Level_2.pdf Graphic file (type pdf)
<use ./gambar//DFD_Level_2.pdf, page 4>
Package pdftex.def Info: ./gambar//DFD_Level_2.pdf , page4 used on input line 62.
(pdftex.def)             Requested size: 520.94624pt x 188.20552pt.
<./gambar//DFD_Level_2.pdf, id=59, page=5, 520.94624pt x 188.20313pt>
File: ./gambar//DFD_Level_2.pdf Graphic file (type pdf)
<use ./gambar//DFD_Level_2.pdf, page 5>
Package pdftex.def Info: ./gambar//DFD_Level_2.pdf , page5 used on input line 64.
(pdftex.def)             Requested size: 520.94624pt x 188.20552pt.
<./gambar//DFD_Level_2.pdf, id=60, page=6, 520.94624pt x 188.20313pt>
File: ./gambar//DFD_Level_2.pdf Graphic file (type pdf)
<use ./gambar//DFD_Level_2.pdf, page 6>
Package pdftex.def Info: ./gambar//DFD_Level_2.pdf , page6 used on input line 66.
(pdftex.def)             Requested size: 520.94624pt x 188.20552pt.
<./gambar//DFD_Level_2.pdf, id=61, page=7, 520.94624pt x 188.20313pt>
File: ./gambar//DFD_Level_2.pdf Graphic file (type pdf)
<use ./gambar//DFD_Level_2.pdf, page 7>
Package pdftex.def Info: ./gambar//DFD_Level_2.pdf , page7 used on input line 68.
(pdftex.def)             Requested size: 520.94624pt x 188.20552pt.
<./gambar//DFD_Level_2.pdf, id=62, page=8, 520.94624pt x 188.20313pt>
File: ./gambar//DFD_Level_2.pdf Graphic file (type pdf)
<use ./gambar//DFD_Level_2.pdf, page 8>
Package pdftex.def Info: ./gambar//DFD_Level_2.pdf , page8 used on input line 70.
(pdftex.def)             Requested size: 520.94624pt x 188.20552pt.
<./gambar//DFD_Level_2.pdf, id=63, page=9, 520.94624pt x 188.20313pt>
File: ./gambar//DFD_Level_2.pdf Graphic file (type pdf)
<use ./gambar//DFD_Level_2.pdf, page 9>
Package pdftex.def Info: ./gambar//DFD_Level_2.pdf , page9 used on input line 72.
(pdftex.def)             Requested size: 520.94624pt x 188.20552pt.
<./gambar//DFD_Level_2.pdf, id=64, page=10, 520.94624pt x 188.20313pt>
File: ./gambar//DFD_Level_2.pdf Graphic file (type pdf)
<use ./gambar//DFD_Level_2.pdf, page 10>
Package pdftex.def Info: ./gambar//DFD_Level_2.pdf , page10 used on input line 74.
(pdftex.def)             Requested size: 520.94624pt x 188.20552pt.
<./gambar//DFD_Level_2.pdf, id=65, page=11, 520.94624pt x 188.20313pt>
File: ./gambar//DFD_Level_2.pdf Graphic file (type pdf)
<use ./gambar//DFD_Level_2.pdf, page 11>
Package pdftex.def Info: ./gambar//DFD_Level_2.pdf , page11 used on input line 76.
(pdftex.def)             Requested size: 520.94624pt x 188.20552pt.
<./gambar//DFD_Level_2.pdf, id=66, page=12, 520.94624pt x 188.20313pt>
File: ./gambar//DFD_Level_2.pdf Graphic file (type pdf)
<use ./gambar//DFD_Level_2.pdf, page 12>
Package pdftex.def Info: ./gambar//DFD_Level_2.pdf , page12 used on input line 78.
(pdftex.def)             Requested size: 520.94624pt x 188.20552pt.
<./gambar//DFD_Level_2.pdf, id=67, page=13, 520.94624pt x 188.20313pt>
File: ./gambar//DFD_Level_2.pdf Graphic file (type pdf)
<use ./gambar//DFD_Level_2.pdf, page 13>
Package pdftex.def Info: ./gambar//DFD_Level_2.pdf , page13 used on input line 80.
(pdftex.def)             Requested size: 520.94624pt x 188.20552pt.
<./gambar//DFD_Level_2.pdf, id=68, page=14, 520.94624pt x 188.20313pt>
File: ./gambar//DFD_Level_2.pdf Graphic file (type pdf)
<use ./gambar//DFD_Level_2.pdf, page 14>
Package pdftex.def Info: ./gambar//DFD_Level_2.pdf , page14 used on input line 82.
(pdftex.def)             Requested size: 520.94624pt x 188.20552pt.
<./gambar//DFD_Level_2.pdf, id=69, page=15, 520.94624pt x 188.20313pt>
File: ./gambar//DFD_Level_2.pdf Graphic file (type pdf)
<use ./gambar//DFD_Level_2.pdf, page 15>
Package pdftex.def Info: ./gambar//DFD_Level_2.pdf , page15 used on input line 84.
(pdftex.def)             Requested size: 520.94624pt x 188.20552pt.
<./gambar//DFD_Level_2.pdf, id=70, page=16, 520.94624pt x 188.20313pt>
File: ./gambar//DFD_Level_2.pdf Graphic file (type pdf)
<use ./gambar//DFD_Level_2.pdf, page 16>
Package pdftex.def Info: ./gambar//DFD_Level_2.pdf , page16 used on input line 86.
(pdftex.def)             Requested size: 520.94624pt x 188.20552pt.
) [1{C:/Users/Ahmad Aziz/AppData/Local/MiKTeX/fonts/map/pdftex/pdftex.map}



pdfTeX warning (ext4): destination with the same identifier (name{figure.1}) has been already used, duplicate ignored
<argument> ...shipout:D \box_use:N \l_shipout_box 
                                                  \__shipout_drop_firstpage_...
l.96 
      <./gambar//DFD_Level_2.pdf> <./gambar//DFD_Level_2.pdf

pdfTeX warning: pdflatex (file ./gambar//DFD_Level_2.pdf): PDF inclusion: multiple pdfs with page group included in a single page
> <./gambar//DFD_Level_2.pdf

pdfTeX warning: pdflatex (file ./gambar//DFD_Level_2.pdf): PDF inclusion: multiple pdfs with page group included in a single page
> <./gambar//DFD_Level_2.pdf

pdfTeX warning: pdflatex (file ./gambar//DFD_Level_2.pdf): PDF inclusion: multiple pdfs with page group included in a single page
> <./gambar//DFD_Level_2.pdf

pdfTeX warning: pdflatex (file ./gambar//DFD_Level_2.pdf): PDF inclusion: multiple pdfs with page group included in a single page
> <./gambar//DFD_Level_2.pdf

pdfTeX warning: pdflatex (file ./gambar//DFD_Level_2.pdf): PDF inclusion: multiple pdfs with page group included in a single page
> <./gambar//DFD_Level_2.pdf

pdfTeX warning: pdflatex (file ./gambar//DFD_Level_2.pdf): PDF inclusion: multiple pdfs with page group included in a single page
> <./gambar//DFD_Level_2.pdf

pdfTeX warning: pdflatex (file ./gambar//DFD_Level_2.pdf): PDF inclusion: multiple pdfs with page group included in a single page
> <./gambar//DFD_Level_2.pdf

pdfTeX warning: pdflatex (file ./gambar//DFD_Level_2.pdf): PDF inclusion: multiple pdfs with page group included in a single page
> <./gambar//DFD_Level_2.pdf

pdfTeX warning: pdflatex (file ./gambar//DFD_Level_2.pdf): PDF inclusion: multiple pdfs with page group included in a single page
> <./gambar//DFD_Level_2.pdf

pdfTeX warning: pdflatex (file ./gambar//DFD_Level_2.pdf): PDF inclusion: multiple pdfs with page group included in a single page
> <./gambar//DFD_Level_2.pdf

pdfTeX warning: pdflatex (file ./gambar//DFD_Level_2.pdf): PDF inclusion: multiple pdfs with page group included in a single page
> <./gambar//DFD_Level_2.pdf

pdfTeX warning: pdflatex (file ./gambar//DFD_Level_2.pdf): PDF inclusion: multiple pdfs with page group included in a single page
> <./gambar//DFD_Level_2.pdf

pdfTeX warning: pdflatex (file ./gambar//DFD_Level_2.pdf): PDF inclusion: multiple pdfs with page group included in a single page
> <./gambar//DFD_Level_2.pdf

pdfTeX warning: pdflatex (file ./gambar//DFD_Level_2.pdf): PDF inclusion: multiple pdfs with page group included in a single page
> <./gambar//DFD_Level_2.pdf

pdfTeX warning: pdflatex (file ./gambar//DFD_Level_2.pdf): PDF inclusion: multiple pdfs with page group included in a single page
>] (gambar/flow.pdf_tex
<./gambar//flow.pdf, id=89, page=1, 163.81201pt x 313.17pt>
File: ./gambar//flow.pdf Graphic file (type pdf)
<use ./gambar//flow.pdf, page 1>
Package pdftex.def Info: ./gambar//flow.pdf , page1 used on input line 56.
(pdftex.def)             Requested size: 163.81201pt x 313.19789pt.
) [2 <./gambar//flow.pdf>]
Underfull \hbox (badness 2735) in paragraph at lines 257--258
[]\OT1/ptm/m/n/10 Implementasi pro-gram dalam ba-hasa C da-pat dil-i-hat
 []

(gambar/big_O.pdf_tex
<./gambar//big_O.pdf, id=99, page=1, 651.93562pt x 349.305pt>
File: ./gambar//big_O.pdf Graphic file (type pdf)
<use ./gambar//big_O.pdf, page 1>
Package pdftex.def Info: ./gambar//big_O.pdf , page1 used on input line 56.
(pdftex.def)             Requested size: 651.93562pt x 349.3361pt.
)
Overfull \hbox (8.77026pt too wide) in paragraph at lines 264--265
 [][] 
 []

[3] (gambar/big_O.pdf_tex
File: ./gambar//big_O.pdf Graphic file (type pdf)
<use ./gambar//big_O.pdf, page 1>
Package pdftex.def Info: ./gambar//big_O.pdf , page1 used on input line 56.
(pdftex.def)             Requested size: 651.93562pt x 349.3361pt.
)
Overfull \hbox (8.77026pt too wide) in paragraph at lines 273--274
 [][] 
 []

(main.bbl)

** Conference Paper **
Before submitting the final camera ready copy, remember to:

 1. Manually equalize the lengths of two columns on the last page
 of your paper;

 2. Ensure that any PostScript and/or PDF output post-processing
 uses only Type 1 fonts and that every step in the generation
 process uses the appropriate paper size.

[4
pdfTeX warning (ext4): destination with the same identifier (name{figure.2}) has been already used, duplicate ignored
<argument> ...shipout:D \box_use:N \l_shipout_box 
                                                  \__shipout_drop_firstpage_...
l.283 \end{document}
                    
pdfTeX warning (ext4): destination with the same identifier (name{figure.3}) has been already used, duplicate ignored
<argument> ...shipout:D \box_use:N \l_shipout_box 
                                                  \__shipout_drop_firstpage_...
l.283 \end{document}
                     <./gambar//big_O.pdf>] (main.aux)
Package rerunfilecheck Info: File `main.out' has not changed.
(rerunfilecheck)             Checksum: 4345739A35DE5F3436CC53B629818645;2334.
 ) 
Here is how much of TeX's memory you used:
 11612 strings out of 478659
 183314 string characters out of 2855760
 509049 words of memory out of 3000000
 29517 multiletter control sequences out of 15000+600000
 439839 words of font info for 97 fonts, out of 8000000 for 9000
 1141 hyphenation exceptions out of 8191
 60i,15n,63p,1139b,383s stack positions out of 5000i,500n,10000p,200000b,80000s
{C:/Program Files/MiKTeX/fonts/enc/dvips/base/8r.enc}<C:/Program Files/MiKTeX/fonts/type1/public/amsfonts/cm/cmmi10.pfb><C:/Program Files/MiKTeX/fonts/type1/public/amsfonts/cm/cmmi7.pfb><C:/Program Files/MiKTeX/fonts/type1/public/amsfonts/cm/cmr10.pfb><C:/Program Files/MiKTeX/fonts/type1/public/amsfonts/cm/cmr7.pfb><C:/Program Files/MiKTeX/fonts/type1/public/amsfonts/cm/cmsy10.pfb><C:/Program Files/MiKTeX/fonts/type1/urw/times/utmb8a.pfb><C:/Program Files/MiKTeX/fonts/type1/urw/times/utmbi8a.pfb><C:/Program Files/MiKTeX/fonts/type1/urw/times/utmr8a.pfb><C:/Program Files/MiKTeX/fonts/type1/urw/times/utmri8a.pfb>
Output written on main.pdf (4 pages, 212252 bytes).
PDF statistics:
 170 PDF objects out of 1000 (max. 8388607)
 29 named destinations out of 1000 (max. 500000)
 195 words of extra memory for PDF output out of 10000 (max. 10000000)

